[2026-02-24 14:04:39] INFO Server connect on ${port}
[2026-02-24 14:04:39] INFO MongoDB connected
[2026-02-24 14:07:47] INFO Server connect on ${port}
[2026-02-24 14:07:47] INFO MongoDB connected
[2026-02-24 14:09:17] INFO Server connect on 
[2026-02-24 14:09:17] INFO MongoDB connected
[2026-02-24 14:10:55] INFO Server connect on 
[2026-02-24 14:10:55] INFO MongoDB connected
[2026-02-24 14:11:23] INFO Server connect on 5000
[2026-02-24 14:11:23] INFO MongoDB connected
[2026-02-24 14:11:56] INFO Server started on 5000
[2026-02-24 14:11:56] INFO MongoDB connected
[2026-02-24 14:56:55] INFO Server started on 5000
[2026-02-24 14:56:55] INFO MongoDB connected
[2026-02-24 15:05:22] INFO Server started on 5000
[2026-02-24 15:05:22] INFO MongoDB connected
[2026-02-24 15:06:31] INFO Server started on 5000
[2026-02-24 15:06:31] INFO MongoDB connected
[2026-02-24 15:09:28] INFO Server started on 5000
[2026-02-24 15:09:28] INFO MongoDB connected
[2026-02-24 15:12:17] INFO Server started on 5000
[2026-02-24 15:12:17] INFO MongoDB connected
[2026-02-24 15:13:12] INFO Server started on 5000
[2026-02-24 15:13:12] INFO MongoDB connected
[2026-02-24 15:14:17] INFO MongoDB connected
[2026-02-24 15:14:23] INFO MongoDB connected
[2026-02-24 15:14:23] INFO Server running on port 5000
[2026-02-24 15:17:15] INFO MongoDB connected
[2026-02-24 15:17:15] INFO Server running on port 5000
[2026-02-24 15:21:39] INFO MongoDB connected
[2026-02-24 15:21:39] INFO Server running on port 5000
[2026-02-24 15:21:45] INFO MongoDB connected
[2026-02-24 15:21:45] INFO Server running on port 5000
[2026-02-24 15:23:41] INFO MongoDB connected
[2026-02-24 15:23:41] INFO Server running on port 5000
[2026-02-24 15:27:29] INFO MongoDB connected
[2026-02-24 15:27:29] INFO Server running on port 8000
[2026-02-24 15:27:39] ERROR GET /api/insights - Insight is not defined
[2026-02-24 15:28:32] INFO ::1 - - [24/Feb/2026:09:58:32 +0000] "GET / HTTP/1.1" 200 18 "-" "PostmanRuntime/7.51.1"
[2026-02-24 15:28:42] ERROR GET /api/insights - Insight is not defined
[2026-02-24 15:31:03] INFO MongoDB connected
[2026-02-24 15:31:03] INFO Server running on port 8000
[2026-02-24 15:31:06] ERROR GET /api/insights - Insight is not defined
[2026-02-24 15:35:49] INFO MongoDB connected
[2026-02-24 15:35:49] INFO Server running on port 8000
[2026-02-24 15:36:09] INFO MongoDB connected
[2026-02-24 15:36:09] INFO Server running on port 8000
[2026-02-24 15:36:36] INFO MongoDB connected
[2026-02-24 15:36:36] INFO Server running on port 8000
[2026-02-24 15:36:45] INFO MongoDB connected
[2026-02-24 15:36:45] INFO Server running on port 8000
[2026-02-24 15:36:49] ERROR GET /api/insights - insightService.getInsight is not a function
[2026-02-24 15:36:53] ERROR GET /api/insights - insightService.getInsight is not a function
[2026-02-24 15:37:30] INFO MongoDB connected
[2026-02-24 15:37:30] INFO Server running on port 8000
[2026-02-24 15:37:32] ERROR GET /api/insights - Insight is not defined
[2026-02-24 15:38:22] INFO MongoDB connected
[2026-02-24 15:38:22] INFO Server running on port 8000
[2026-02-24 15:38:26] ERROR GET /api/insights - Insight is not defined
[2026-02-24 15:39:23] INFO MongoDB connected
[2026-02-24 15:39:23] INFO Server running on port 8000
[2026-02-24 15:39:26] INFO MongoDB connected
[2026-02-24 15:39:26] INFO Server running on port 8000
[2026-02-24 15:41:03] INFO MongoDB connected
[2026-02-24 15:41:03] INFO Server running on port 8000
[2026-02-24 15:41:06] INFO ::1 - - [24/Feb/2026:10:11:06 +0000] "GET /api/insights HTTP/1.1" 404 151 "-" "PostmanRuntime/7.51.1"
[2026-02-24 15:41:34] INFO MongoDB connected
[2026-02-24 15:41:34] INFO Server running on port 8000
[2026-02-24 15:41:48] INFO MongoDB connected
[2026-02-24 15:41:48] INFO Server running on port 8000
[2026-02-24 15:42:59] INFO ::1 - - [24/Feb/2026:10:12:59 +0000] "GET /api/insights HTTP/1.1" 404 151 "-" "PostmanRuntime/7.51.1"
[2026-02-24 16:29:29] INFO ::1 - - [24/Feb/2026:10:59:29 +0000] "GET /api/insights?region=Northern%20America HTTP/1.1" 404 151 "-" "PostmanRuntime/7.51.1"
[2026-02-24 16:33:08] ERROR GET /api/insight?impact=%22%22 - Insight is not defined
[2026-02-24 16:38:19] INFO MongoDB connected
[2026-02-24 16:38:19] INFO Server running on port 8000
[2026-02-24 16:45:22] INFO MongoDB connected
[2026-02-24 16:45:22] INFO Server running on port 8000
[2026-02-24 20:02:07] INFO MongoDB connected
[2026-02-24 20:02:07] INFO Server running on port 8000
[2026-02-24 20:02:31] INFO MongoDB connected
[2026-02-24 20:02:31] INFO Server running on port 8000
[2026-02-24 20:04:49] INFO MongoDB connected
[2026-02-24 20:04:49] INFO Server running on port 8000
[2026-02-24 20:07:06] INFO MongoDB connected
[2026-02-24 20:07:06] INFO Server running on port 8000
[2026-02-24 20:09:14] INFO MongoDB connected
[2026-02-24 20:09:14] INFO Server running on port 8000
[2026-02-24 20:12:00] INFO ::1 - - [24/Feb/2026:14:42:00 +0000] "GET /api/analytics/topic-intensity HTTP/1.1" 404 168 "-" "PostmanRuntime/7.51.1"
[2026-02-24 20:13:34] INFO ::1 - - [24/Feb/2026:14:43:34 +0000] "GET /api/analytic/country HTTP/1.1" 404 159 "-" "PostmanRuntime/7.51.1"
[2026-02-24 20:13:56] ERROR GET /api/analytic/country-stats - Insight is not defined
[2026-02-24 20:14:05] ERROR GET /api/analytic/country-stats - Insight is not defined
[2026-02-24 20:14:56] ERROR GET /api/analytic/likelihood-relevance - Insight is not defined
[2026-02-24 20:15:44] INFO MongoDB connected
[2026-02-24 20:15:44] INFO Server running on port 8000
[2026-02-26 16:11:18] INFO MongoDB connected
[2026-02-26 16:11:18] INFO Server running on port 8000
[2026-02-26 16:11:23] INFO ::1 - - [26/Feb/2026:10:41:23 +0000] "GET /api/analytic/country HTTP/1.1" 404 159 "http://localhost:3000/" "Mozilla/5.0 (Macintosh; Intel Mac OS X 10_15_7) AppleWebKit/537.36 (KHTML, like Gecko) Chrome/144.0.0.0 Safari/537.36"
[2026-02-26 16:11:23] INFO ::1 - - [26/Feb/2026:10:41:23 +0000] "GET /api/analytic/country HTTP/1.1" 404 159 "http://localhost:3000/" "Mozilla/5.0 (Macintosh; Intel Mac OS X 10_15_7) AppleWebKit/537.36 (KHTML, like Gecko) Chrome/144.0.0.0 Safari/537.36"
[2026-02-26 16:11:26] INFO ::1 - - [26/Feb/2026:10:41:26 +0000] "GET /api/analytic/country HTTP/1.1" 404 159 "http://localhost:3000/" "Mozilla/5.0 (Macintosh; Intel Mac OS X 10_15_7) AppleWebKit/537.36 (KHTML, like Gecko) Chrome/144.0.0.0 Safari/537.36"
[2026-02-26 16:11:26] INFO ::1 - - [26/Feb/2026:10:41:26 +0000] "GET /api/analytic/country HTTP/1.1" 404 159 "http://localhost:3000/" "Mozilla/5.0 (Macintosh; Intel Mac OS X 10_15_7) AppleWebKit/537.36 (KHTML, like Gecko) Chrome/144.0.0.0 Safari/537.36"
[2026-02-26 16:11:27] INFO ::1 - - [26/Feb/2026:10:41:27 +0000] "GET /api/analytic/country HTTP/1.1" 404 159 "http://localhost:3000/" "Mozilla/5.0 (Macintosh; Intel Mac OS X 10_15_7) AppleWebKit/537.36 (KHTML, like Gecko) Chrome/144.0.0.0 Safari/537.36"
[2026-02-26 16:11:27] INFO ::1 - - [26/Feb/2026:10:41:27 +0000] "GET /api/analytic/country HTTP/1.1" 404 159 "http://localhost:3000/" "Mozilla/5.0 (Macintosh; Intel Mac OS X 10_15_7) AppleWebKit/537.36 (KHTML, like Gecko) Chrome/144.0.0.0 Safari/537.36"
[2026-02-26 22:58:12] INFO ::1 - - [26/Feb/2026:17:28:11 +0000] "GET /api/analytics/region?regions%5B%5D=Asia&regions%5B%5D=Central+Asia&regions%5B%5D=Eastern+Asia&regions%5B%5D=Northern+Europe HTTP/1.1" 404 159 "http://localhost:3000/" "Mozilla/5.0 (Macintosh; Intel Mac OS X 10_15_7) AppleWebKit/537.36 (KHTML, like Gecko) Chrome/144.0.0.0 Safari/537.36"
[2026-02-27 13:40:45] INFO MongoDB connected
[2026-02-27 13:40:45] INFO Server running on port 8000
